<?xml version="1.0" encoding="UTF-8"?>
<testng-results skipped="0" failed="0" ignored="0" total="1" passed="1">
  <reporter-output>
  </reporter-output>
  <suite name="Amazon Automation Script " duration-ms="5400" started-at="2019-06-11T23:19:28Z" finished-at="2019-06-11T23:19:33Z">
    <groups>
    </groups>
    <test name="Amazon Home" duration-ms="5400" started-at="2019-06-11T23:19:28Z" finished-at="2019-06-11T23:19:33Z">
      <class name="testTitle.testHomePageTitle">
        <test-method status="PASS" signature="steUp(java.lang.String)[pri:0, instance:testTitle.testHomePageTitle@614c5515]" name="steUp" is-config="true" duration-ms="5140" started-at="2019-06-11T23:19:28Z" finished-at="2019-06-11T23:19:33Z">
          <params>
            <param index="0">
              <value>
                <![CDATA[https://www.amazon.com/]]>
              </value>
            </param>
          </params>
          <reporter-output>
          </reporter-output>
        </test-method> <!-- steUp -->
        <test-method status="PASS" signature="titleTest()[pri:0, instance:testTitle.testHomePageTitle@614c5515]" name="titleTest" duration-ms="25" started-at="2019-06-11T23:19:33Z" finished-at="2019-06-11T23:19:33Z">
          <reporter-output>
          </reporter-output>
        </test-method> <!-- titleTest -->
        <test-method status="PASS" signature="closeUp()[pri:0, instance:testTitle.testHomePageTitle@614c5515]" name="closeUp" is-config="true" duration-ms="211" started-at="2019-06-11T23:19:33Z" finished-at="2019-06-11T23:19:33Z">
          <reporter-output>
          </reporter-output>
        </test-method> <!-- closeUp -->
      </class> <!-- testTitle.testHomePageTitle -->
    </test> <!-- Amazon Home -->
  </suite> <!-- Amazon Automation Script  -->
</testng-results>
